[HTTP] Binding to address: :1080
Creating API v1 with WebPath: 
Creating API v2 with WebPath: 
Got message in APIv2 websocket channel
[APIv2] BROADCAST /api/v2/websocket
Got message in APIv1 event stream
Sending content: {
  "ID": "JkLI_KCXPprhn1Nw8cUE_IuH47HeAR45o-PqgIv15TY=@mailhog.example",
  "From": {
    "Relays": null,
    "Mailbox": "www-data",
    "Domain": "41be40d5681c",
    "Params": ""
  },
  "To": [
    {
      "Relays": null,
      "Mailbox": "mailhog",
      "Domain": "flywheel.local",
      "Params": ""
    }
  ],
  "Content": {
    "Headers": {
      "Content-Type": [
        "text/plain; charset=UTF-8"
      ],
      "Date": [
        "Fri, 8 Mar 2019 19:34:13 +0000"
      ],
      "From": [
        "WordPress \u003cwordpress@portfolio-site-plugin.local\u003e"
      ],
      "MIME-Version": [
        "1.0"
      ],
      "Message-ID": [
        "\u003ca6ffffa7d24afd51df1b2f462eb51ef5@portfolio-site-plugin.local\u003e"
      ],
      "Received": [
        "from localhost by mailhog.example (MailHog)\r\n          id JkLI_KCXPprhn1Nw8cUE_IuH47HeAR45o-PqgIv15TY=@mailhog.example; Fri, 08 Mar 2019 19:34:13 +0000"
      ],
      "Return-Path": [
        "\u003cwww-data@41be40d5681c\u003e"
      ],
      "Subject": [
        "Subject"
      ],
      "To": [
        "jennifer.sadler@gmail.com"
      ],
      "X-Mailer": [
        "PHPMailer 5.2.22 (https://github.com/PHPMailer/PHPMailer)"
      ],
      "X-PHP-Originating-Script": [
        "1000:class-phpmailer.php"
      ]
    },
    "Body": "Message...\r\n",
    "Size": 415,
    "MIME": null
  },
  "Created": "2019-03-08T19:34:13.37851125Z",
  "MIME": null,
  "Raw": {
    "From": "www-data@41be40d5681c",
    "To": [
      "mailhog@flywheel.local"
    ],
    "Data": "To: jennifer.sadler@gmail.com\r\nSubject: Subject\r\nX-PHP-Originating-Script: 1000:class-phpmailer.php\r\nDate: Fri, 8 Mar 2019 19:34:13 +0000\r\nFrom: WordPress \u003cwordpress@portfolio-site-plugin.local\u003e\r\nMessage-ID: \u003ca6ffffa7d24afd51df1b2f462eb51ef5@portfolio-site-plugin.local\u003e\r\nX-Mailer: PHPMailer 5.2.22 (https://github.com/PHPMailer/PHPMailer)\r\nMIME-Version: 1.0\r\nContent-Type: text/plain; charset=UTF-8\r\n\r\nMessage...\r\n",
    "Helo": "localhost"
  }
}

[APIv1] BROADCAST /api/v1/events
[APIv1] KEEPALIVE /api/v1/events
[APIv1] KEEPALIVE /api/v1/events
