[08-Mar-2019 19:04:26 UTC] PHP Warning:  mysqli_real_connect(): (HY000/2002): Connection refused in /app/public/wp-includes/wp-db.php on line 1612
[08-Mar-2019 19:04:34 UTC] PHP Warning:  mysqli_real_connect(): (HY000/2002): Connection refused in /app/public/wp-includes/wp-db.php on line 1612
[08-Mar-2019 19:05:49 UTC] PHP Warning:  mysqli_real_connect(): (HY000/2002): Connection refused in /app/public/wp-includes/wp-db.php on line 1612
[08-Mar-2019 19:23:39 UTC] PHP Warning:  mysqli_real_connect(): (HY000/2002): No such file or directory in /app/public/wp-includes/wp-db.php on line 1612
[08-Mar-2019 19:29:01 UTC] PHP Warning:  mysqli_real_connect(): (HY000/2002): No such file or directory in /app/public/wp-includes/wp-db.php on line 1612
[08-Mar-2019 19:31:16 UTC] PHP Warning:  mysqli_real_connect(): (HY000/2002): No such file or directory in /app/public/wp-includes/wp-db.php on line 1612
[08-Mar-2019 19:33:58 UTC] PHP Warning:  mysqli_real_connect(): (HY000/2002): No such file or directory in /app/public/wp-includes/wp-db.php on line 1612
[08-Mar-2019 19:56:28 UTC] PHP Warning:  mysqli_real_connect(): (HY000/2002): No such file or directory in /app/public/wp-includes/wp-db.php on line 1612
[08-Mar-2019 19:56:45 UTC] PHP Parse error:  syntax error, unexpected end of file in /app/public/wp-content/plugins/simple-example-plugin/simple-example-plugin.php on line 76
[08-Mar-2019 19:56:45 UTC] PHP Parse error:  syntax error, unexpected end of file in /app/public/wp-content/plugins/simple-example-plugin/simple-example-plugin.php on line 76
[08-Mar-2019 19:56:45 UTC] PHP Parse error:  syntax error, unexpected end of file in /app/public/wp-content/plugins/simple-example-plugin/simple-example-plugin.php on line 76
[08-Mar-2019 19:57:23 UTC] PHP Fatal error:  Cannot redeclare wp_logout() (previously declared in /app/public/wp-includes/pluggable.php:572) in /app/public/wp-content/plugins/simple-example-plugin/simple-example-plugin.php on line 57
[08-Mar-2019 19:57:23 UTC] PHP Fatal error:  Cannot redeclare wp_logout() (previously declared in /app/public/wp-includes/pluggable.php:572) in /app/public/wp-content/plugins/simple-example-plugin/simple-example-plugin.php on line 57
[08-Mar-2019 19:57:23 UTC] PHP Fatal error:  Cannot redeclare wp_logout() (previously declared in /app/public/wp-includes/pluggable.php:572) in /app/public/wp-content/plugins/simple-example-plugin/simple-example-plugin.php on line 57
[08-Mar-2019 19:58:25 UTC] PHP Fatal error:  Cannot redeclare wp_logout() (previously declared in /app/public/wp-includes/pluggable.php:572) in /app/public/wp-content/plugins/simple-example-plugin/simple-example-plugin.php on line 51
[08-Mar-2019 19:58:26 UTC] PHP Fatal error:  Cannot redeclare wp_logout() (previously declared in /app/public/wp-includes/pluggable.php:572) in /app/public/wp-content/plugins/simple-example-plugin/simple-example-plugin.php on line 51
[08-Mar-2019 19:58:26 UTC] PHP Fatal error:  Cannot redeclare wp_logout() (previously declared in /app/public/wp-includes/pluggable.php:572) in /app/public/wp-content/plugins/simple-example-plugin/simple-example-plugin.php on line 51
[08-Mar-2019 19:59:15 UTC] PHP Fatal error:  Cannot redeclare wp_logout() (previously declared in /app/public/wp-includes/pluggable.php:572) in /app/public/wp-content/plugins/simple-example-plugin/simple-example-plugin.php on line 51
[08-Mar-2019 19:59:15 UTC] PHP Fatal error:  Cannot redeclare wp_logout() (previously declared in /app/public/wp-includes/pluggable.php:572) in /app/public/wp-content/plugins/simple-example-plugin/simple-example-plugin.php on line 51
[08-Mar-2019 19:59:16 UTC] PHP Fatal error:  Cannot redeclare wp_logout() (previously declared in /app/public/wp-includes/pluggable.php:572) in /app/public/wp-content/plugins/simple-example-plugin/simple-example-plugin.php on line 51
[08-Mar-2019 20:00:18 UTC] PHP Fatal error:  Cannot redeclare wp_logout() (previously declared in /app/public/wp-includes/pluggable.php:572) in /app/public/wp-content/plugins/simple-example-plugin/simple-example-plugin.php on line 51
[08-Mar-2019 20:00:18 UTC] PHP Fatal error:  Cannot redeclare wp_logout() (previously declared in /app/public/wp-includes/pluggable.php:572) in /app/public/wp-content/plugins/simple-example-plugin/simple-example-plugin.php on line 51
[08-Mar-2019 20:00:18 UTC] PHP Fatal error:  Cannot redeclare wp_logout() (previously declared in /app/public/wp-includes/pluggable.php:572) in /app/public/wp-content/plugins/simple-example-plugin/simple-example-plugin.php on line 51
[08-Mar-2019 20:01:26 UTC] PHP Fatal error:  Cannot redeclare wp_logout() (previously declared in /app/public/wp-includes/pluggable.php:572) in /app/public/wp-content/plugins/simple-example-plugin/simple-example-plugin.php on line 51
[08-Mar-2019 20:01:26 UTC] PHP Fatal error:  Cannot redeclare wp_logout() (previously declared in /app/public/wp-includes/pluggable.php:572) in /app/public/wp-content/plugins/simple-example-plugin/simple-example-plugin.php on line 51
[08-Mar-2019 20:01:26 UTC] PHP Fatal error:  Cannot redeclare wp_logout() (previously declared in /app/public/wp-includes/pluggable.php:572) in /app/public/wp-content/plugins/simple-example-plugin/simple-example-plugin.php on line 51
[15-Mar-2019 16:04:41 UTC] PHP Warning:  mysqli_real_connect(): (HY000/2002): No such file or directory in /app/public/wp-includes/wp-db.php on line 1612
[15-Mar-2019 18:24:26 UTC] PHP Warning:  mysqli_real_connect(): (HY000/2002): No such file or directory in /app/public/wp-includes/wp-db.php on line 1612
[15-Mar-2019 18:26:04 UTC] PHP Parse error:  syntax error, unexpected '}' in /app/public/wp-content/plugins/myplugin/myplugin.php on line 62
[15-Mar-2019 18:26:04 UTC] PHP Parse error:  syntax error, unexpected '}' in /app/public/wp-content/plugins/myplugin/myplugin.php on line 62
[15-Mar-2019 18:26:04 UTC] PHP Parse error:  syntax error, unexpected '}' in /app/public/wp-content/plugins/myplugin/myplugin.php on line 62
[15-Mar-2019 18:26:38 UTC] PHP Fatal error:  Uncaught Error: Call to undefined function action() in /app/public/wp-content/plugins/myplugin/myplugin.php:64
Stack trace:
#0 /app/public/wp-admin/includes/plugin.php(629): include_once()
#1 /app/public/wp-admin/plugins.php(44): activate_plugin('myplugin/myplug...', 'http://portfoli...', false)
#2 {main}
  thrown in /app/public/wp-content/plugins/myplugin/myplugin.php on line 64
[15-Mar-2019 18:26:39 UTC] PHP Fatal error:  Uncaught Error: Call to undefined function action() in /app/public/wp-content/plugins/myplugin/myplugin.php:64
Stack trace:
#0 /app/public/wp-admin/includes/plugin.php(2050): include()
#1 /app/public/wp-admin/plugins.php(175): plugin_sandbox_scrape('myplugin/myplug...')
#2 {main}
  thrown in /app/public/wp-content/plugins/myplugin/myplugin.php on line 64
[15-Mar-2019 18:26:39 UTC] PHP Fatal error:  Uncaught Error: Call to undefined function action() in /app/public/wp-content/plugins/myplugin/myplugin.php:64
Stack trace:
#0 /app/public/wp-admin/includes/plugin.php(2050): include()
#1 /app/public/wp-admin/plugins.php(175): plugin_sandbox_scrape('myplugin/myplug...')
#2 {main}
  thrown in /app/public/wp-content/plugins/myplugin/myplugin.php on line 64
[15-Mar-2019 18:27:37 UTC] PHP Fatal error:  Uncaught Error: Call to undefined function action() in /app/public/wp-content/plugins/myplugin/myplugin.php:64
Stack trace:
#0 /app/public/wp-admin/includes/plugin.php(629): include_once()
#1 /app/public/wp-admin/plugins.php(44): activate_plugin('myplugin/myplug...', 'http://portfoli...', false)
#2 {main}
  thrown in /app/public/wp-content/plugins/myplugin/myplugin.php on line 64
[15-Mar-2019 18:27:37 UTC] PHP Fatal error:  Uncaught Error: Call to undefined function action() in /app/public/wp-content/plugins/myplugin/myplugin.php:64
Stack trace:
#0 /app/public/wp-admin/includes/plugin.php(2050): include()
#1 /app/public/wp-admin/plugins.php(175): plugin_sandbox_scrape('myplugin/myplug...')
#2 {main}
  thrown in /app/public/wp-content/plugins/myplugin/myplugin.php on line 64
[15-Mar-2019 18:27:37 UTC] PHP Fatal error:  Uncaught Error: Call to undefined function action() in /app/public/wp-content/plugins/myplugin/myplugin.php:64
Stack trace:
#0 /app/public/wp-admin/includes/plugin.php(2050): include()
#1 /app/public/wp-admin/plugins.php(175): plugin_sandbox_scrape('myplugin/myplug...')
#2 {main}
  thrown in /app/public/wp-content/plugins/myplugin/myplugin.php on line 64
[15-Mar-2019 18:30:02 UTC] PHP Parse error:  syntax error, unexpected '<' in /app/public/wp-content/plugins/myplugin/myplugin.php on line 24
[15-Mar-2019 18:30:02 UTC] PHP Parse error:  syntax error, unexpected '<' in /app/public/wp-content/plugins/myplugin/myplugin.php on line 24
[15-Mar-2019 18:31:42 UTC] PHP Parse error:  syntax error, unexpected '}', expecting end of file in /app/public/wp-content/plugins/myplugin/myplugin.php on line 61
[15-Mar-2019 18:42:04 UTC] PHP Warning:  call_user_func_array() expects parameter 1 to be a valid callback, function 'myplugin_add_sublevel_menu' not found or invalid function name in /app/public/wp-includes/class-wp-hook.php on line 286
[15-Mar-2019 18:50:04 UTC] PHP Parse error:  syntax error, unexpected 'add_action' (T_STRING) in /app/public/wp-content/plugins/myplugin/myplugin.php on line 31
[15-Mar-2019 18:52:04 UTC] PHP Parse error:  syntax error, unexpected 'add_action' (T_STRING) in /app/public/wp-content/plugins/myplugin/myplugin.php on line 31
[15-Mar-2019 18:54:04 UTC] PHP Parse error:  syntax error, unexpected ''myplugin_options'' (T_CONSTANT_ENCAPSED_STRING), expecting variable (T_VARIABLE) in /app/public/wp-content/plugins/myplugin/myplugin.php on line 25
[15-Mar-2019 18:58:13 UTC] PHP Parse error:  syntax error, unexpected ''myplugin_options'' (T_CONSTANT_ENCAPSED_STRING), expecting variable (T_VARIABLE) in /app/public/wp-content/plugins/myplugin/myplugin.php on line 25
[15-Mar-2019 18:58:50 UTC] PHP Parse error:  syntax error, unexpected ''myplugin_options'' (T_CONSTANT_ENCAPSED_STRING), expecting variable (T_VARIABLE) in /app/public/wp-content/plugins/myplugin/myplugin.php on line 25
[15-Mar-2019 19:00:59 UTC] PHP Parse error:  syntax error, unexpected '}' in /app/public/wp-content/plugins/myplugin/myplugin.php on line 33
[15-Mar-2019 19:18:38 UTC] PHP Parse error:  syntax error, unexpected '=>' (T_DOUBLE_ARROW), expecting ']' in /app/public/wp-content/plugins/myplugin/myplugin.php on line 29
[15-Mar-2019 19:20:38 UTC] PHP Parse error:  syntax error, unexpected '=>' (T_DOUBLE_ARROW), expecting ']' in /app/public/wp-content/plugins/myplugin/myplugin.php on line 29
[15-Mar-2019 19:22:38 UTC] PHP Parse error:  syntax error, unexpected '=>' (T_DOUBLE_ARROW), expecting ']' in /app/public/wp-content/plugins/myplugin/myplugin.php on line 29
[15-Mar-2019 19:24:38 UTC] PHP Parse error:  syntax error, unexpected '=>' (T_DOUBLE_ARROW), expecting ']' in /app/public/wp-content/plugins/myplugin/myplugin.php on line 29
[15-Mar-2019 19:25:31 UTC] PHP Parse error:  syntax error, unexpected '=>' (T_DOUBLE_ARROW), expecting ']' in /app/public/wp-content/plugins/myplugin/myplugin.php on line 29
[15-Mar-2019 19:26:24 UTC] PHP Parse error:  syntax error, unexpected '=>' (T_DOUBLE_ARROW), expecting ',' or ';' in /app/public/wp-content/plugins/myplugin/myplugin.php on line 45
[15-Mar-2019 19:27:10 UTC] PHP Parse error:  syntax error, unexpected '=>' (T_DOUBLE_ARROW), expecting ',' or ';' in /app/public/wp-content/plugins/myplugin/myplugin.php on line 45
[15-Mar-2019 19:27:46 UTC] PHP Parse error:  syntax error, unexpected '=>' (T_DOUBLE_ARROW), expecting ',' or ';' in /app/public/wp-content/plugins/myplugin/myplugin.php on line 45
[15-Mar-2019 19:28:40 UTC] PHP Warning:  call_user_func() expects parameter 1 to be a valid callback, function 'myplugin_callback_field_radio' not found or invalid function name in /app/public/wp-admin/includes/template.php on line 1653
[15-Mar-2019 19:31:49 UTC] PHP Parse error:  syntax error, unexpected '>' in /app/public/wp-content/plugins/myplugin/myplugin.php on line 64
[15-Mar-2019 19:32:07 UTC] PHP Parse error:  syntax error, unexpected '";' (T_CONSTANT_ENCAPSED_STRING), expecting ',' or ';' in /app/public/wp-content/plugins/myplugin/myplugin.php on line 71
[15-Mar-2019 19:32:26 UTC] PHP Parse error:  syntax error, unexpected end of file in /app/public/wp-content/plugins/myplugin/myplugin.php on line 75
[22-Mar-2019 15:06:31 UTC] PHP Warning:  mysqli_real_connect(): (HY000/2002): Connection refused in /app/public/wp-includes/wp-db.php on line 1612
[22-Mar-2019 19:56:05 UTC] PHP Warning:  mysqli_real_connect(): (HY000/2002): Connection refused in /app/public/wp-includes/wp-db.php on line 1612
[29-Mar-2019 13:22:18 UTC] PHP Warning:  mysqli_real_connect(): (HY000/2002): Connection refused in /app/public/wp-includes/wp-db.php on line 1612
[29-Mar-2019 13:22:23 UTC] PHP Parse error:  syntax error, unexpected 'Powered' (T_STRING), expecting ')' in /app/public/wp-content/plugins/myplugin/myplugin.php on line 30
[29-Mar-2019 13:22:45 UTC] PHP Parse error:  syntax error, unexpected '}', expecting ';' in /app/public/wp-content/plugins/myplugin/myplugin.php on line 37
[29-Mar-2019 13:23:21 UTC] PHP Fatal error:  Uncaught Error: Call to undefined function getoption() in /app/public/wp-content/plugins/myplugin/admin/settings-callbacks.php:21
Stack trace:
#0 /app/public/wp-admin/includes/template.php(1653): myplugin_callback_field_text(Array)
#1 /app/public/wp-admin/includes/template.php(1611): do_settings_fields('myplugin', 'myplugin_sectio...')
#2 /app/public/wp-content/plugins/myplugin/admin/settings-page.php(18): do_settings_sections('myplugin')
#3 /app/public/wp-includes/class-wp-hook.php(286): myplugin_display_settings_page('')
#4 /app/public/wp-includes/class-wp-hook.php(310): WP_Hook->apply_filters('', Array)
#5 /app/public/wp-includes/plugin.php(465): WP_Hook->do_action(Array)
#6 /app/public/wp-admin/admin.php(253): do_action('settings_page_m...')
#7 /app/public/wp-admin/options-general.php(10): require_once('/app/public/wp-...')
#8 {main}
  thrown in /app/public/wp-content/plugins/myplugin/admin/settings-callbacks.php on line 21
[29-Mar-2019 13:27:31 UTC] PHP Parse error:  syntax error, unexpected '' (T_ENCAPSED_AND_WHITESPACE), expecting '-' or identifier (T_STRING) or variable (T_VARIABLE) or number (T_NUM_STRING) in /app/public/wp-content/plugins/myplugin/admin/settings-callbacks.php on line 34
[29-Mar-2019 13:36:52 UTC] PHP Parse error:  syntax error, unexpected 'var_dump' (T_STRING), expecting ',' or ';' in /app/public/wp-content/plugins/myplugin/admin/settings-callbacks.php on line 23
[29-Mar-2019 14:29:33 UTC] PHP Parse error:  syntax error, unexpected ''">'' (T_CONSTANT_ENCAPSED_STRING), expecting ',' or ';' in /app/public/wp-content/plugins/myplugin/admin/settings-callbacks.php on line 101
[29-Mar-2019 14:29:38 UTC] PHP Parse error:  syntax error, unexpected ''">'' (T_CONSTANT_ENCAPSED_STRING), expecting ',' or ';' in /app/public/wp-content/plugins/myplugin/admin/settings-callbacks.php on line 101
